{"level":"\u001b[32minfo\u001b[39m","message":"Server running on port 5000","timestamp":"2024-10-08T07:07:58.147Z"}
{"level":"\u001b[32minfo\u001b[39m","message":"Server running on port 5000","timestamp":"2024-10-08T07:15:43.318Z"}
{"level":"\u001b[32minfo\u001b[39m","message":"Server running on port 5000","timestamp":"2024-10-08T07:15:53.104Z"}
{"level":"\u001b[32minfo\u001b[39m","message":"Server running on port 5000","timestamp":"2024-10-08T07:17:46.406Z"}
{"level":"\u001b[32minfo\u001b[39m","message":"Server running on port 5000","timestamp":"2024-10-08T07:18:05.217Z"}
{"level":"\u001b[32minfo\u001b[39m","message":"Server running on port 5000","timestamp":"2024-10-08T07:18:21.135Z"}
{"level":"\u001b[32minfo\u001b[39m","message":"Server running on port 5000","timestamp":"2024-10-08T07:18:43.834Z"}
{"level":"\u001b[32minfo\u001b[39m","message":"Server running on port 5000","timestamp":"2024-10-08T07:20:01.043Z"}
{"level":"\u001b[31merror\u001b[39m","message":"Mongodb connection error MongooseError: The `uri` parameter to `openUri()` must be a string, got \"undefined\". Make sure the first parameter to `mongoose.connect()` or `mongoose.createConnection()` is a string.","timestamp":"2024-10-08T08:56:31.608Z"}
{"level":"\u001b[31merror\u001b[39m","message":"Mongodb connection error MongooseError: The `uri` parameter to `openUri()` must be a string, got \"undefined\". Make sure the first parameter to `mongoose.connect()` or `mongoose.createConnection()` is a string.","timestamp":"2024-10-08T10:12:35.719Z"}
{"level":"\u001b[31merror\u001b[39m","message":"Mongodb connection error MongooseError: The `uri` parameter to `openUri()` must be a string, got \"undefined\". Make sure the first parameter to `mongoose.connect()` or `mongoose.createConnection()` is a string.","timestamp":"2024-10-08T10:13:09.817Z"}
{"level":"\u001b[32minfo\u001b[39m","message":"Server running on port 5000","timestamp":"2024-10-08T10:14:35.544Z"}
{"level":"\u001b[32minfo\u001b[39m","message":"Server running on port 5000","timestamp":"2024-10-08T10:15:24.810Z"}
{"level":"\u001b[32minfo\u001b[39m","message":"Server running on port 5000","timestamp":"2024-10-08T10:21:22.268Z"}
{"level":"\u001b[32minfo\u001b[39m","message":"Server running on port 5000","timestamp":"2024-10-08T10:21:51.419Z"}
{"level":"\u001b[32minfo\u001b[39m","message":"Server running on port undefined","timestamp":"2024-10-08T10:22:02.519Z"}
{"level":"\u001b[32minfo\u001b[39m","message":"Server running on port undefined","timestamp":"2024-10-08T10:22:44.060Z"}
{"level":"\u001b[32minfo\u001b[39m","message":"Server running on port undefined","timestamp":"2024-10-08T10:23:17.433Z"}
{"level":"\u001b[32minfo\u001b[39m","message":"Server running on port undefined","timestamp":"2024-10-08T10:24:05.610Z"}
{"level":"\u001b[32minfo\u001b[39m","message":"Server running on port 8000","timestamp":"2024-10-08T10:24:40.917Z"}
{"level":"\u001b[32minfo\u001b[39m","message":"Server running on port 8000","timestamp":"2024-10-08T10:25:23.809Z"}
{"level":"\u001b[32minfo\u001b[39m","message":"Server running on port 8000","timestamp":"2024-10-08T10:27:18.311Z"}
{"level":"\u001b[32minfo\u001b[39m","message":"Server running on port 8000","timestamp":"2024-10-08T10:27:59.526Z"}
{"level":"\u001b[32minfo\u001b[39m","message":"Server running on port 4000","timestamp":"2024-10-08T10:30:12.875Z"}
{"level":"\u001b[32minfo\u001b[39m","message":"Mongodb conncected","timestamp":"2024-10-08T10:32:07.485Z"}
{"level":"\u001b[32minfo\u001b[39m","message":"Server running on port 4000","timestamp":"2024-10-08T10:32:07.492Z"}
{"level":"\u001b[32minfo\u001b[39m","message":"Mongodb conncected","timestamp":"2024-10-08T10:32:37.905Z"}
{"level":"\u001b[32minfo\u001b[39m","message":"Server running on port 4000","timestamp":"2024-10-08T10:32:37.914Z"}
{"level":"\u001b[32minfo\u001b[39m","message":"Mongodb conncected","timestamp":"2024-10-08T10:50:52.026Z"}
{"level":"\u001b[32minfo\u001b[39m","message":"Server running on port 4000","timestamp":"2024-10-08T10:50:52.043Z"}
{"level":"\u001b[32minfo\u001b[39m","message":"Mongodb conncected","timestamp":"2024-10-08T10:52:51.573Z"}
{"level":"\u001b[32minfo\u001b[39m","message":"Server running on port 4000","timestamp":"2024-10-08T10:52:51.591Z"}
{"level":"\u001b[32minfo\u001b[39m","message":"Mongodb conncected","timestamp":"2024-10-08T10:52:57.471Z"}
{"level":"\u001b[32minfo\u001b[39m","message":"Server running on port 4000","timestamp":"2024-10-08T10:52:57.485Z"}
{"level":"\u001b[32minfo\u001b[39m","message":"Mongodb conncected","timestamp":"2024-10-08T10:54:55.756Z"}
{"level":"\u001b[32minfo\u001b[39m","message":"Server running on port 4000","timestamp":"2024-10-08T10:54:55.765Z"}
{"level":"\u001b[32minfo\u001b[39m","message":"Mongodb conncected","timestamp":"2024-10-08T10:55:29.443Z"}
{"level":"\u001b[32minfo\u001b[39m","message":"Server running on port 4000","timestamp":"2024-10-08T10:55:29.451Z"}
{"level":"\u001b[32minfo\u001b[39m","message":"Mongodb conncected","timestamp":"2024-10-08T10:55:56.667Z"}
{"level":"\u001b[32minfo\u001b[39m","message":"Server running on port 4000","timestamp":"2024-10-08T10:55:56.677Z"}
{"level":"\u001b[32minfo\u001b[39m","message":"Mongodb conncected","timestamp":"2024-10-08T10:56:43.787Z"}
{"level":"\u001b[32minfo\u001b[39m","message":"Server running on port 4000","timestamp":"2024-10-08T10:56:43.800Z"}
{"level":"\u001b[32minfo\u001b[39m","message":"Mongodb conncected","timestamp":"2024-10-08T10:57:03.786Z"}
{"level":"\u001b[32minfo\u001b[39m","message":"Server running on port 4000","timestamp":"2024-10-08T10:57:03.796Z"}
{"level":"\u001b[32minfo\u001b[39m","message":"Mongodb conncected","timestamp":"2024-10-08T10:58:08.857Z"}
{"level":"\u001b[32minfo\u001b[39m","message":"Server running on port 4000","timestamp":"2024-10-08T10:58:08.881Z"}
{"level":"\u001b[32minfo\u001b[39m","message":"Mongodb conncected","timestamp":"2024-10-08T10:59:14.012Z"}
{"level":"\u001b[32minfo\u001b[39m","message":"Server running on port 4000","timestamp":"2024-10-08T10:59:14.020Z"}
{"level":"\u001b[32minfo\u001b[39m","message":"Mongodb conncected","timestamp":"2024-10-08T11:00:11.371Z"}
{"level":"\u001b[32minfo\u001b[39m","message":"Server running on port 4000","timestamp":"2024-10-08T11:00:11.400Z"}
{"level":"\u001b[32minfo\u001b[39m","message":"Mongodb conncected","timestamp":"2024-10-08T11:02:20.482Z"}
{"level":"\u001b[32minfo\u001b[39m","message":"Server running on port 4000","timestamp":"2024-10-08T11:02:20.492Z"}
{"level":"\u001b[32minfo\u001b[39m","message":"Mongodb conncected","timestamp":"2024-10-08T11:02:51.003Z"}
{"level":"\u001b[32minfo\u001b[39m","message":"Server running on port 4000","timestamp":"2024-10-08T11:02:51.012Z"}
{"level":"\u001b[32minfo\u001b[39m","message":"Mongodb conncected","timestamp":"2024-10-08T11:03:06.232Z"}
{"level":"\u001b[32minfo\u001b[39m","message":"Server running on port 4000","timestamp":"2024-10-08T11:03:06.244Z"}
{"level":"\u001b[32minfo\u001b[39m","message":"Mongodb conncected","timestamp":"2024-10-08T11:03:27.281Z"}
{"level":"\u001b[32minfo\u001b[39m","message":"Server running on port 4000","timestamp":"2024-10-08T11:03:27.590Z"}
{"level":"\u001b[32minfo\u001b[39m","message":"Mongodb conncected","timestamp":"2024-10-08T11:03:35.047Z"}
{"level":"\u001b[32minfo\u001b[39m","message":"Server running on port 4000","timestamp":"2024-10-08T11:03:35.067Z"}
{"level":"\u001b[32minfo\u001b[39m","message":"Mongodb conncected","timestamp":"2024-10-08T11:15:23.313Z"}
{"level":"\u001b[32minfo\u001b[39m","message":"Server running on port 4000","timestamp":"2024-10-08T11:15:23.326Z"}
{"level":"\u001b[32minfo\u001b[39m","message":"Mongodb conncected","timestamp":"2024-10-08T11:20:05.076Z"}
{"level":"\u001b[32minfo\u001b[39m","message":"Server running on port 4000","timestamp":"2024-10-08T11:20:05.090Z"}
{"level":"\u001b[32minfo\u001b[39m","message":"Mongodb conncected","timestamp":"2024-10-08T11:20:44.873Z"}
{"level":"\u001b[32minfo\u001b[39m","message":"Server running on port 4000","timestamp":"2024-10-08T11:20:44.882Z"}
{"level":"\u001b[32minfo\u001b[39m","message":"Mongodb conncected","timestamp":"2024-10-08T11:21:21.504Z"}
{"level":"\u001b[32minfo\u001b[39m","message":"Server running on port 4000","timestamp":"2024-10-08T11:21:21.516Z"}
{"level":"\u001b[32minfo\u001b[39m","message":"Mongodb conncected","timestamp":"2024-10-08T11:21:37.726Z"}
{"level":"\u001b[32minfo\u001b[39m","message":"Server running on port 4000","timestamp":"2024-10-08T11:21:37.749Z"}
{"level":"\u001b[32minfo\u001b[39m","message":"Mongodb conncected","timestamp":"2024-10-08T11:22:21.702Z"}
{"level":"\u001b[32minfo\u001b[39m","message":"Server running on port 4000","timestamp":"2024-10-08T11:22:21.713Z"}
{"level":"\u001b[32minfo\u001b[39m","message":"Mongodb conncected","timestamp":"2024-10-08T11:23:28.281Z"}
{"level":"\u001b[32minfo\u001b[39m","message":"Server running on port 4000","timestamp":"2024-10-08T11:23:28.290Z"}
{"level":"\u001b[32minfo\u001b[39m","message":"Mongodb conncected","timestamp":"2024-10-08T11:26:08.815Z"}
{"level":"\u001b[32minfo\u001b[39m","message":"Server running on port 4000","timestamp":"2024-10-08T11:26:08.875Z"}
{"level":"\u001b[32minfo\u001b[39m","message":"Mongodb conncected","timestamp":"2024-10-08T11:26:17.001Z"}
{"level":"\u001b[32minfo\u001b[39m","message":"Server running on port 4000","timestamp":"2024-10-08T11:26:17.012Z"}
{"level":"\u001b[32minfo\u001b[39m","message":"Mongodb conncected","timestamp":"2024-10-08T11:27:03.011Z"}
{"level":"\u001b[32minfo\u001b[39m","message":"Server running on port 4000","timestamp":"2024-10-08T11:27:03.019Z"}
{"level":"\u001b[32minfo\u001b[39m","message":"Mongodb conncected","timestamp":"2024-10-08T11:27:35.774Z"}
{"level":"\u001b[32minfo\u001b[39m","message":"Server running on port 4000","timestamp":"2024-10-08T11:27:35.782Z"}
{"level":"\u001b[32minfo\u001b[39m","message":"Mongodb conncected","timestamp":"2024-10-08T11:28:32.156Z"}
{"level":"\u001b[32minfo\u001b[39m","message":"Server running on port 4000","timestamp":"2024-10-08T11:28:32.250Z"}
{"level":"\u001b[32minfo\u001b[39m","message":"Mongodb conncected","timestamp":"2024-10-08T11:28:45.574Z"}
{"level":"\u001b[32minfo\u001b[39m","message":"Server running on port 4000","timestamp":"2024-10-08T11:28:45.582Z"}
{"level":"\u001b[32minfo\u001b[39m","message":"Mongodb conncected","timestamp":"2024-10-08T11:30:52.555Z"}
{"level":"\u001b[32minfo\u001b[39m","message":"Server running on port 4000","timestamp":"2024-10-08T11:30:52.569Z"}
{"level":"\u001b[32minfo\u001b[39m","message":"Mongodb conncected","timestamp":"2024-10-08T11:30:58.511Z"}
{"level":"\u001b[32minfo\u001b[39m","message":"Server running on port 4000","timestamp":"2024-10-08T11:30:58.526Z"}
{"level":"\u001b[32minfo\u001b[39m","message":"Mongodb conncected","timestamp":"2024-10-09T13:00:43.349Z"}
{"level":"\u001b[32minfo\u001b[39m","message":"Server running on port 4000","timestamp":"2024-10-09T13:00:43.359Z"}
{"level":"\u001b[32minfo\u001b[39m","message":"Mongodb conncected","timestamp":"2024-10-09T13:12:29.142Z"}
{"level":"\u001b[32minfo\u001b[39m","message":"Server running on port 4000","timestamp":"2024-10-09T13:12:29.397Z"}
{"level":"\u001b[32minfo\u001b[39m","message":"Mongodb conncected","timestamp":"2024-10-09T13:19:17.004Z"}
{"level":"\u001b[32minfo\u001b[39m","message":"Server running on port 4000","timestamp":"2024-10-09T13:19:17.034Z"}
{"level":"\u001b[32minfo\u001b[39m","message":"Mongodb conncected","timestamp":"2024-10-09T13:26:14.160Z"}
{"level":"\u001b[32minfo\u001b[39m","message":"Server running on port 4000","timestamp":"2024-10-09T13:26:14.168Z"}
{"level":"\u001b[32minfo\u001b[39m","message":"Mongodb conncected","timestamp":"2024-10-09T13:27:21.207Z"}
{"level":"\u001b[32minfo\u001b[39m","message":"Server running on port 4000","timestamp":"2024-10-09T13:27:21.241Z"}
{"level":"\u001b[32minfo\u001b[39m","message":"Mongodb conncected","timestamp":"2024-10-09T13:27:29.015Z"}
{"level":"\u001b[32minfo\u001b[39m","message":"Server running on port 4000","timestamp":"2024-10-09T13:27:29.026Z"}
{"level":"\u001b[32minfo\u001b[39m","message":"Mongodb conncected","timestamp":"2024-10-09T13:28:18.817Z"}
{"level":"\u001b[32minfo\u001b[39m","message":"Server running on port 4000","timestamp":"2024-10-09T13:28:18.825Z"}
{"level":"\u001b[32minfo\u001b[39m","message":"Mongodb conncected","timestamp":"2024-10-09T13:29:19.440Z"}
{"level":"\u001b[32minfo\u001b[39m","message":"Server running on port 4000","timestamp":"2024-10-09T13:29:19.467Z"}
{"level":"\u001b[32minfo\u001b[39m","message":"Mongodb conncected","timestamp":"2024-10-09T13:30:10.974Z"}
{"level":"\u001b[32minfo\u001b[39m","message":"Server running on port 4000","timestamp":"2024-10-09T13:30:10.993Z"}
{"level":"\u001b[32minfo\u001b[39m","message":"Mongodb conncected","timestamp":"2024-10-09T13:30:52.103Z"}
{"level":"\u001b[32minfo\u001b[39m","message":"Server running on port 4000","timestamp":"2024-10-09T13:30:52.150Z"}
{"level":"\u001b[32minfo\u001b[39m","message":"Mongodb conncected","timestamp":"2024-10-09T13:30:59.858Z"}
{"level":"\u001b[32minfo\u001b[39m","message":"Server running on port 4000","timestamp":"2024-10-09T13:30:59.879Z"}
{"level":"\u001b[32minfo\u001b[39m","message":"Mongodb conncected","timestamp":"2024-10-09T13:31:07.597Z"}
{"level":"\u001b[32minfo\u001b[39m","message":"Server running on port 4000","timestamp":"2024-10-09T13:31:07.613Z"}
{"level":"\u001b[32minfo\u001b[39m","message":"Mongodb conncected","timestamp":"2024-10-09T13:31:51.683Z"}
{"level":"\u001b[32minfo\u001b[39m","message":"Server running on port 4000","timestamp":"2024-10-09T13:31:51.757Z"}
{"level":"\u001b[32minfo\u001b[39m","message":"Mongodb conncected","timestamp":"2024-10-09T13:32:34.923Z"}
{"level":"\u001b[32minfo\u001b[39m","message":"Server running on port 4000","timestamp":"2024-10-09T13:32:34.937Z"}
{"level":"\u001b[32minfo\u001b[39m","message":"Mongodb conncected","timestamp":"2024-10-09T13:35:06.117Z"}
{"level":"\u001b[32minfo\u001b[39m","message":"Server running on port 4000","timestamp":"2024-10-09T13:35:06.126Z"}
{"level":"\u001b[32minfo\u001b[39m","message":"Mongodb conncected","timestamp":"2024-10-09T13:37:06.762Z"}
{"level":"\u001b[32minfo\u001b[39m","message":"Server running on port 4000","timestamp":"2024-10-09T13:37:06.830Z"}
{"level":"\u001b[32minfo\u001b[39m","message":"Mongodb conncected","timestamp":"2024-10-09T13:37:23.488Z"}
{"level":"\u001b[32minfo\u001b[39m","message":"Server running on port 4000","timestamp":"2024-10-09T13:37:23.523Z"}
{"level":"\u001b[32minfo\u001b[39m","message":"Mongodb conncected","timestamp":"2024-10-09T13:37:34.961Z"}
{"level":"\u001b[32minfo\u001b[39m","message":"Server running on port 4000","timestamp":"2024-10-09T13:37:34.983Z"}
{"level":"\u001b[32minfo\u001b[39m","message":"Mongodb conncected","timestamp":"2024-10-09T13:38:05.153Z"}
{"level":"\u001b[32minfo\u001b[39m","message":"Server running on port 4000","timestamp":"2024-10-09T13:38:05.163Z"}
{"level":"\u001b[32minfo\u001b[39m","message":"Mongodb conncected","timestamp":"2024-10-09T13:39:43.379Z"}
{"level":"\u001b[32minfo\u001b[39m","message":"Server running on port 4000","timestamp":"2024-10-09T13:39:43.388Z"}
{"level":"\u001b[32minfo\u001b[39m","message":"Mongodb conncected","timestamp":"2024-10-09T13:40:45.883Z"}
{"level":"\u001b[32minfo\u001b[39m","message":"Server running on port 4000","timestamp":"2024-10-09T13:40:45.911Z"}
{"level":"\u001b[32minfo\u001b[39m","message":"Mongodb conncected","timestamp":"2024-10-09T13:40:59.481Z"}
{"level":"\u001b[32minfo\u001b[39m","message":"Server running on port 4000","timestamp":"2024-10-09T13:40:59.503Z"}
{"level":"\u001b[32minfo\u001b[39m","message":"Mongodb conncected","timestamp":"2024-10-09T13:41:14.125Z"}
{"level":"\u001b[32minfo\u001b[39m","message":"Server running on port 4000","timestamp":"2024-10-09T13:41:14.159Z"}
{"level":"\u001b[32minfo\u001b[39m","message":"Mongodb conncected","timestamp":"2024-10-09T13:41:35.291Z"}
{"level":"\u001b[32minfo\u001b[39m","message":"Server running on port 4000","timestamp":"2024-10-09T13:41:35.310Z"}
{"level":"\u001b[32minfo\u001b[39m","message":"{\"method\":\"POST\",\"url\":\"/users/register\",\"status\":\"404\",\"responseTime\":\"6.035\"}","timestamp":"2024-10-09T13:41:57.805Z"}
{"level":"\u001b[32minfo\u001b[39m","message":"{\"method\":\"POST\",\"url\":\"/v1/users/register\",\"status\":\"404\",\"responseTime\":\"3.493\"}","timestamp":"2024-10-09T13:42:52.191Z"}
{"level":"\u001b[32minfo\u001b[39m","message":"Mongodb conncected","timestamp":"2024-10-09T13:49:15.899Z"}
{"level":"\u001b[32minfo\u001b[39m","message":"Server running on port 4000","timestamp":"2024-10-09T13:49:15.911Z"}
{"level":"\u001b[32minfo\u001b[39m","message":"Mongodb conncected","timestamp":"2024-10-09T13:51:36.245Z"}
{"level":"\u001b[32minfo\u001b[39m","message":"Server running on port 4000","timestamp":"2024-10-09T13:51:36.254Z"}
{"level":"\u001b[32minfo\u001b[39m","message":"Mongodb conncected","timestamp":"2024-10-09T13:51:46.227Z"}
{"level":"\u001b[32minfo\u001b[39m","message":"Server running on port 4000","timestamp":"2024-10-09T13:51:46.238Z"}
{"level":"\u001b[32minfo\u001b[39m","message":"Mongodb conncected","timestamp":"2024-10-09T13:56:00.731Z"}
{"level":"\u001b[32minfo\u001b[39m","message":"Server running on port 4000","timestamp":"2024-10-09T13:56:00.742Z"}
